# JRE version: Java(TM) SE Runtime Environment (8.0_144-b01) (build 1.8.0_144-b01)
# Java VM: Java HotSpot(TM) 64-Bit Server VM (25.144-b01 mixed mode windows-amd64 compressed oops)
Heap:
 PSYoungGen      total 967680K, used 817496K [0x000000076af80000, 0x00000007a7b00000, 0x00000007c0000000)
  eden space 962048K, 84% used [0x000000076af80000,0x000000079c85e328,0x00000007a5b00000)
  from space 5632K, 99% used [0x00000007a7580000,0x00000007a7af8090,0x00000007a7b00000)
  to   space 13312K, 0% used [0x00000007a6100000,0x00000007a6100000,0x00000007a6e00000)
 ParOldGen       total 84992K, used 21847K [0x00000006c0e00000, 0x00000006c6100000, 0x000000076af80000)
  object space 84992K, 25% used [0x00000006c0e00000,0x00000006c2355ce8,0x00000006c6100000)
 Metaspace       used 30158K, capacity 30466K, committed 30976K, reserved 1077248K
  class space    used 2620K, capacity 2720K, committed 2816K, reserved 1048576K
GC Heap History (10 events):
Event: 4.292 GC heap before
{Heap before GC invocations=11 (full 1):
 PSYoungGen      total 381952K, used 368704K [0x000000076af80000, 0x000000078d000000, 0x00000007c0000000)
  eden space 366592K, 100% used [0x000000076af80000,0x0000000781580000,0x0000000781580000)
  from space 15360K, 13% used [0x0000000781580000,0x0000000781790000,0x0000000782480000)
  to   space 15360K, 0% used [0x000000078c100000,0x000000078c100000,0x000000078d000000)
 ParOldGen       total 84992K, used 13936K [0x00000006c0e00000, 0x00000006c6100000, 0x000000076af80000)
  object space 84992K, 16% used [0x00000006c0e00000,0x00000006c1b9c2a8,0x00000006c6100000)
 Metaspace       used 28358K, capacity 28646K, committed 29056K, reserved 1075200K
  class space    used 2548K, capacity 2652K, committed 2688K, reserved 1048576K
Event: 4.298 GC heap after
Heap after GC invocations=11 (full 1):
 PSYoungGen      total 542208K, used 672K [0x000000076af80000, 0x000000078d500000, 0x00000007c0000000)
  eden space 526848K, 0% used [0x000000076af80000,0x000000076af80000,0x000000078b200000)
  from space 15360K, 4% used [0x000000078c100000,0x000000078c1a8000,0x000000078d000000)
  to   space 15360K, 0% used [0x000000078b200000,0x000000078b200000,0x000000078c100000)
 ParOldGen       total 84992K, used 15616K [0x00000006c0e00000, 0x00000006c6100000, 0x000000076af80000)
  object space 84992K, 18% used [0x00000006c0e00000,0x00000006c1d402a8,0x00000006c6100000)
 Metaspace       used 28358K, capacity 28646K, committed 29056K, reserved 1075200K
  class space    used 2548K, capacity 2652K, committed 2688K, reserved 1048576K
}
Event: 9.550 GC heap before
{Heap before GC invocations=12 (full 1):
 PSYoungGen      total 542208K, used 527520K [0x000000076af80000, 0x000000078d500000, 0x00000007c0000000)
  eden space 526848K, 100% used [0x000000076af80000,0x000000078b200000,0x000000078b200000)
  from space 15360K, 4% used [0x000000078c100000,0x000000078c1a8000,0x000000078d000000)
  to   space 15360K, 0% used [0x000000078b200000,0x000000078b200000,0x000000078c100000)
 ParOldGen       total 84992K, used 15616K [0x00000006c0e00000, 0x00000006c6100000, 0x000000076af80000)
  object space 84992K, 18% used [0x00000006c0e00000,0x00000006c1d402a8,0x00000006c6100000)
 Metaspace       used 29778K, capacity 30076K, committed 30720K, reserved 1077248K
  class space    used 2612K, capacity 2719K, committed 2816K, reserved 1048576K
Event: 9.553 GC heap after
Heap after GC invocations=12 (full 1):
 PSYoungGen      total 542208K, used 4096K [0x000000076af80000, 0x000000079a580000, 0x00000007c0000000)
  eden space 526848K, 0% used [0x000000076af80000,0x000000076af80000,0x000000078b200000)
  from space 15360K, 26% used [0x000000078b200000,0x000000078b6000d0,0x000000078c100000)
  to   space 14848K, 0% used [0x0000000799700000,0x0000000799700000,0x000000079a580000)
 ParOldGen       total 84992K, used 16255K [0x00000006c0e00000, 0x00000006c6100000, 0x000000076af80000)
  object space 84992K, 19% used [0x00000006c0e00000,0x00000006c1ddff08,0x00000006c6100000)
 Metaspace       used 29778K, capacity 30076K, committed 30720K, reserved 1077248K
  class space    used 2612K, capacity 2719K, committed 2816K, reserved 1048576K
}
Event: 18.582 GC heap before
{Heap before GC invocations=13 (full 1):
 PSYoungGen      total 542208K, used 530944K [0x000000076af80000, 0x000000079a580000, 0x00000007c0000000)
  eden space 526848K, 100% used [0x000000076af80000,0x000000078b200000,0x000000078b200000)
  from space 15360K, 26% used [0x000000078b200000,0x000000078b6000d0,0x000000078c100000)
  to   space 14848K, 0% used [0x0000000799700000,0x0000000799700000,0x000000079a580000)
 ParOldGen       total 84992K, used 16255K [0x00000006c0e00000, 0x00000006c6100000, 0x000000076af80000)
  object space 84992K, 19% used [0x00000006c0e00000,0x00000006c1ddff08,0x00000006c6100000)
 Metaspace       used 30042K, capacity 30338K, committed 30976K, reserved 1077248K
  class space    used 2615K, capacity 2720K, committed 2816K, reserved 1048576K
Event: 18.585 GC heap after
Heap after GC invocations=13 (full 1):
 PSYoungGen      total 727552K, used 1248K [0x000000076af80000, 0x0000000799880000, 0x00000007c0000000)
  eden space 726016K, 0% used [0x000000076af80000,0x000000076af80000,0x0000000797480000)
  from space 1536K, 81% used [0x0000000799700000,0x0000000799838000,0x0000000799880000)
  to   space 14336K, 0% used [0x0000000797c80000,0x0000000797c80000,0x0000000798a80000)
 ParOldGen       total 84992K, used 19911K [0x00000006c0e00000, 0x00000006c6100000, 0x000000076af80000)
  object space 84992K, 23% used [0x00000006c0e00000,0x00000006c2171ce8,0x00000006c6100000)
 Metaspace       used 30042K, capacity 30338K, committed 30976K, reserved 1077248K
  class space    used 2615K, capacity 2720K, committed 2816K, reserved 1048576K
}
Event: 19.442 GC heap before
{Heap before GC invocations=14 (full 1):
 PSYoungGen      total 727552K, used 727264K [0x000000076af80000, 0x0000000799880000, 0x00000007c0000000)
  eden space 726016K, 100% used [0x000000076af80000,0x0000000797480000,0x0000000797480000)
  from space 1536K, 81% used [0x0000000799700000,0x0000000799838000,0x0000000799880000)
  to   space 14336K, 0% used [0x0000000797c80000,0x0000000797c80000,0x0000000798a80000)
 ParOldGen       total 84992K, used 19911K [0x00000006c0e00000, 0x00000006c6100000, 0x000000076af80000)
  object space 84992K, 23% used [0x00000006c0e00000,0x00000006c2171ce8,0x00000006c6100000)
 Metaspace       used 30084K, capacity 30402K, committed 30976K, reserved 1077248K
  class space    used 2615K, capacity 2720K, committed 2816K, reserved 1048576K
Event: 19.444 GC heap after
Heap after GC invocations=14 (full 1):
 PSYoungGen      total 748544K, used 2048K [0x000000076af80000, 0x00000007a8300000, 0x00000007c0000000)
  eden space 734208K, 0% used [0x000000076af80000,0x000000076af80000,0x0000000797c80000)
  from space 14336K, 14% used [0x0000000797c80000,0x0000000797e80000,0x0000000798a80000)
  to   space 13824K, 0% used [0x00000007a7580000,0x00000007a7580000,0x00000007a8300000)
 ParOldGen       total 84992K, used 20239K [0x00000006c0e00000, 0x00000006c6100000, 0x000000076af80000)
  object space 84992K, 23% used [0x00000006c0e00000,0x00000006c21c3ce8,0x00000006c6100000)
 Metaspace       used 30084K, capacity 30402K, committed 30976K, reserved 1077248K
  class space    used 2615K, capacity 2720K, committed 2816K, reserved 1048576K
}
Event: 20.411 GC heap before
{Heap before GC invocations=15 (full 1):
 PSYoungGen      total 748544K, used 736256K [0x000000076af80000, 0x00000007a8300000, 0x00000007c0000000)
  eden space 734208K, 100% used [0x000000076af80000,0x0000000797c80000,0x0000000797c80000)
  from space 14336K, 14% used [0x0000000797c80000,0x0000000797e80000,0x0000000798a80000)
  to   space 13824K, 0% used [0x00000007a7580000,0x00000007a7580000,0x00000007a8300000)
 ParOldGen       total 84992K, used 20239K [0x00000006c0e00000, 0x00000006c6100000, 0x000000076af80000)
  object space 84992K, 23% used [0x00000006c0e00000,0x00000006c21c3ce8,0x00000006c6100000)
 Metaspace       used 30098K, capacity 30402K, committed 30976K, reserved 1077248K
  class space    used 2615K, capacity 2720K, committed 2816K, reserved 1048576K
Event: 20.413 GC heap after
Heap after GC invocations=15 (full 1):
 PSYoungGen      total 967680K, used 5600K [0x000000076af80000, 0x00000007a7b00000, 0x00000007c0000000)
  eden space 962048K, 0% used [0x000000076af80000,0x000000076af80000,0x00000007a5b00000)
  from space 5632K, 99% used [0x00000007a7580000,0x00000007a7af8090,0x00000007a7b00000)
  to   space 13312K, 0% used [0x00000007a6100000,0x00000007a6100000,0x00000007a6e00000)
 ParOldGen       total 84992K, used 21847K [0x00000006c0e00000, 0x00000006c6100000, 0x000000076af80000)
  object space 84992K, 25% used [0x00000006c0e00000,0x00000006c2355ce8,0x00000006c6100000)
 Metaspace       used 30098K, capacity 30402K, committed 30976K, reserved 1077248K
  class space    used 2615K, capacity 2720K, committed 2816K, reserved 1048576K
}

